This is pdfTeX, Version 3.14159265-2.6-1.40.20 (TeX Live 2019) (preloaded format=pdflatex 2019.10.14)  30 OCT 2019 21:02
entering extended mode
 restricted \write18 enabled.
 file:line:error style messages enabled.
 %&-line parsing enabled.
**/Users/erickvargas/Documents/maestria/article-1/article-distributed-parallel/samplepaper.tex
(/Users/erickvargas/Documents/maestria/article-1/article-distributed-parallel/samplepaper.tex
LaTeX2e <2019-10-01> patch level 1
(/Users/erickvargas/Documents/maestria/article-1/article-distributed-parallel/llncs.cls
Document Class: llncs 2018/03/10 v2.20 
 LaTeX document class for Lecture Notes in Computer Science
(/usr/local/texlive/2019/texmf-dist/tex/latex/base/article.cls
Document Class: article 2019/08/27 v1.4j Standard LaTeX document class
(/usr/local/texlive/2019/texmf-dist/tex/latex/base/size10.clo
File: size10.clo 2019/08/27 v1.4j Standard LaTeX file (size option)
)
\c@part=\count80
\c@section=\count81
\c@subsection=\count82
\c@subsubsection=\count83
\c@paragraph=\count84
\c@subparagraph=\count85
\c@figure=\count86
\c@table=\count87
\abovecaptionskip=\skip41
\belowcaptionskip=\skip42
\bibindent=\dimen102
) (/usr/local/texlive/2019/texmf-dist/tex/latex/tools/multicol.sty
Package: multicol 2019/03/01 v1.8w multicolumn formatting (FMi)
\c@tracingmulticols=\count88
\mult@box=\box27
\multicol@leftmargin=\dimen103
\c@unbalance=\count89
\c@collectmore=\count90
\doublecol@number=\count91
\multicoltolerance=\count92
\multicolpretolerance=\count93
\full@width=\dimen104
\page@free=\dimen105
\premulticols=\dimen106
\postmulticols=\dimen107
\multicolsep=\skip43
\multicolbaselineskip=\skip44
\partial@page=\box28
\last@line=\box29
\maxbalancingoverflow=\dimen108
\mult@rightbox=\box30
\mult@grightbox=\box31
\mult@gfirstbox=\box32
\mult@firstbox=\box33
\@tempa=\box34
\@tempa=\box35
\@tempa=\box36
\@tempa=\box37
\@tempa=\box38
\@tempa=\box39
\@tempa=\box40
\@tempa=\box41
\@tempa=\box42
\@tempa=\box43
\@tempa=\box44
\@tempa=\box45
\@tempa=\box46
\@tempa=\box47
\@tempa=\box48
\@tempa=\box49
\@tempa=\box50
\c@minrows=\count94
\c@columnbadness=\count95
\c@finalcolumnbadness=\count96
\last@try=\dimen109
\multicolovershoot=\dimen110
\multicolundershoot=\dimen111
\mult@nat@firstbox=\box51
\colbreak@box=\box52
\mc@col@check@num=\count97
) (/usr/local/texlive/2019/texmf-dist/tex/latex/oberdiek/aliascnt.sty
Package: aliascnt 2018/09/07 v1.5 Alias counters (HO)
)
\c@chapter=\count98
LaTeX Font Info:    Redeclaring math symbol \Gamma on input line 362.
LaTeX Font Info:    Redeclaring math symbol \Delta on input line 363.
LaTeX Font Info:    Redeclaring math symbol \Theta on input line 364.
LaTeX Font Info:    Redeclaring math symbol \Lambda on input line 365.
LaTeX Font Info:    Redeclaring math symbol \Xi on input line 366.
LaTeX Font Info:    Redeclaring math symbol \Pi on input line 367.
LaTeX Font Info:    Redeclaring math symbol \Sigma on input line 368.
LaTeX Font Info:    Redeclaring math symbol \Upsilon on input line 369.
LaTeX Font Info:    Redeclaring math symbol \Phi on input line 370.
LaTeX Font Info:    Redeclaring math symbol \Psi on input line 371.
LaTeX Font Info:    Redeclaring math symbol \Omega on input line 372.
\tocchpnum=\dimen112
\tocsecnum=\dimen113
\tocsectotal=\dimen114
\tocsubsecnum=\dimen115
\tocsubsectotal=\dimen116
\tocsubsubsecnum=\dimen117
\tocsubsubsectotal=\dimen118
\tocparanum=\dimen119
\tocparatotal=\dimen120
\tocsubparanum=\dimen121
\@tempcntc=\count99
\fnindent=\dimen122
\c@@inst=\count100
\c@@auth=\count101
\c@auco=\count102
\instindent=\dimen123
\authrun=\box53
\authorrunning=\toks14
\tocauthor=\toks15
\titrun=\box54
\titlerunning=\toks16
\toctitle=\toks17
\c@theorem=\count103
\c@case=\count104
\c@conjecture=\count105
\c@corollary=\count106
\c@definition=\count107
\c@example=\count108
\c@exercise=\count109
\c@lemma=\count110
\c@note=\count111
\c@problem=\count112
\c@property=\count113
\c@proposition=\count114
\c@question=\count115
\c@solution=\count116
\c@remark=\count117
\headlineindent=\dimen124
) (/usr/local/texlive/2019/texmf-dist/tex/latex/graphics/graphicx.sty
Package: graphicx 2017/06/01 v1.1a Enhanced LaTeX Graphics (DPC,SPQR)
 (/usr/local/texlive/2019/texmf-dist/tex/latex/graphics/keyval.sty
Package: keyval 2014/10/28 v1.15 key=value parser (DPC)
\KV@toks@=\toks18
) (/usr/local/texlive/2019/texmf-dist/tex/latex/graphics/graphics.sty
Package: graphics 2019/10/08 v1.3c Standard LaTeX Graphics (DPC,SPQR)
 (/usr/local/texlive/2019/texmf-dist/tex/latex/graphics/trig.sty
Package: trig 2016/01/03 v1.10 sin cos tan (DPC)
) (/usr/local/texlive/2019/texmf-dist/tex/latex/graphics-cfg/graphics.cfg
File: graphics.cfg 2016/06/04 v1.11 sample graphics configuration
)
Package graphics Info: Driver file: pdftex.def on input line 105.
 (/usr/local/texlive/2019/texmf-dist/tex/latex/graphics-def/pdftex.def
File: pdftex.def 2018/01/08 v1.0l Graphics/color driver for pdftex
))
\Gin@req@height=\dimen125
\Gin@req@width=\dimen126
) (/Users/erickvargas/Documents/maestria/article-1/article-distributed-parallel/samplepaper.aux

LaTeX Warning: Label `fig1' multiply defined.


LaTeX Warning: Label `fig1' multiply defined.


LaTeX Warning: Label `fig1' multiply defined.


LaTeX Warning: Label `fig1' multiply defined.


LaTeX Warning: Label `fig1' multiply defined.


LaTeX Warning: Label `fig1' multiply defined.


LaTeX Warning: Label `fig1' multiply defined.


LaTeX Warning: Label `fig1' multiply defined.


LaTeX Warning: Label `table:resultados-2' multiply defined.


LaTeX Warning: Label `table:resultados-2' multiply defined.


LaTeX Warning: Label `fig1' multiply defined.


LaTeX Warning: Label `fig1' multiply defined.


LaTeX Warning: Label `fig1' multiply defined.


LaTeX Warning: Label `table:ga-pso-parameters-20' multiply defined.


LaTeX Warning: Label `fig1' multiply defined.


LaTeX Warning: Label `fig1' multiply defined.


LaTeX Warning: Label `fig1' multiply defined.


LaTeX Warning: Label `table:resultados-2' multiply defined.

)
\openout1 = `samplepaper.aux'.

LaTeX Font Info:    Checking defaults for OML/cmm/m/it on input line 15.
LaTeX Font Info:    ... okay on input line 15.
LaTeX Font Info:    Checking defaults for T1/cmr/m/n on input line 15.
LaTeX Font Info:    ... okay on input line 15.
LaTeX Font Info:    Checking defaults for OT1/cmr/m/n on input line 15.
LaTeX Font Info:    ... okay on input line 15.
LaTeX Font Info:    Checking defaults for OMS/cmsy/m/n on input line 15.
LaTeX Font Info:    ... okay on input line 15.
LaTeX Font Info:    Checking defaults for OMX/cmex/m/n on input line 15.
LaTeX Font Info:    ... okay on input line 15.
LaTeX Font Info:    Checking defaults for U/cmr/m/n on input line 15.
LaTeX Font Info:    ... okay on input line 15.
 (/usr/local/texlive/2019/texmf-dist/tex/context/base/mkii/supp-pdf.mkii
[Loading MPS to PDF converter (version 2006.09.02).]
\scratchcounter=\count118
\scratchdimen=\dimen127
\scratchbox=\box55
\nofMPsegments=\count119
\nofMParguments=\count120
\everyMPshowfont=\toks19
\MPscratchCnt=\count121
\MPscratchDim=\dimen128
\MPnumerator=\count122
\makeMPintoPDFobject=\count123
\everyMPtoPDFconversion=\toks20
) (/usr/local/texlive/2019/texmf-dist/tex/latex/oberdiek/epstopdf-base.sty
Package: epstopdf-base 2016/05/15 v2.6 Base part for package epstopdf
 (/usr/local/texlive/2019/texmf-dist/tex/generic/oberdiek/infwarerr.sty
Package: infwarerr 2016/05/16 v1.4 Providing info/warning/error messages (HO)
) (/usr/local/texlive/2019/texmf-dist/tex/latex/oberdiek/grfext.sty
Package: grfext 2016/05/16 v1.2 Manage graphics extensions (HO)
 (/usr/local/texlive/2019/texmf-dist/tex/generic/oberdiek/kvdefinekeys.sty
Package: kvdefinekeys 2016/05/16 v1.4 Define keys (HO)
 (/usr/local/texlive/2019/texmf-dist/tex/generic/oberdiek/ltxcmds.sty
Package: ltxcmds 2016/05/16 v1.23 LaTeX kernel commands for general use (HO)
))) (/usr/local/texlive/2019/texmf-dist/tex/latex/oberdiek/kvoptions.sty
Package: kvoptions 2016/05/16 v3.12 Key value format for package options (HO)
 (/usr/local/texlive/2019/texmf-dist/tex/generic/oberdiek/kvsetkeys.sty
Package: kvsetkeys 2016/05/16 v1.17 Key value parser (HO)
 (/usr/local/texlive/2019/texmf-dist/tex/generic/oberdiek/etexcmds.sty
Package: etexcmds 2016/05/16 v1.6 Avoid name clashes with e-TeX commands (HO)
 (/usr/local/texlive/2019/texmf-dist/tex/generic/oberdiek/ifluatex.sty
Package: ifluatex 2016/05/16 v1.4 Provides the ifluatex switch (HO)
Package ifluatex Info: LuaTeX not detected.
)))) (/usr/local/texlive/2019/texmf-dist/tex/generic/oberdiek/pdftexcmds.sty
Package: pdftexcmds 2019/07/25 v0.30 Utility functions of pdfTeX for LuaTeX (HO)
 (/usr/local/texlive/2019/texmf-dist/tex/generic/oberdiek/ifpdf.sty
Package: ifpdf 2018/09/07 v3.3 Provides the ifpdf switch
)
Package pdftexcmds Info: LuaTeX not detected.
Package pdftexcmds Info: \pdf@primitive is available.
Package pdftexcmds Info: \pdf@ifprimitive is available.
Package pdftexcmds Info: \pdfdraftmode found.
)
Package epstopdf-base Info: Redefining graphics rule for `.eps' on input line 438.
Package grfext Info: Graphics extension search list:
(grfext)             [.pdf,.png,.jpg,.mps,.jpeg,.jbig2,.jb2,.PDF,.PNG,.JPG,.JPEG,.JBIG2,.JB2,.eps]
(grfext)             \AppendGraphicsExtensions on input line 456.
 (/usr/local/texlive/2019/texmf-dist/tex/latex/latexconfig/epstopdf-sys.cfg
File: epstopdf-sys.cfg 2010/07/13 v1.3 Configuration of (r)epstopdf for TeX Live
))
LaTeX Font Info:    External font `cmex10' loaded for size
(Font)              <14.4> on input line 36.
LaTeX Font Info:    External font `cmex10' loaded for size
(Font)              <7> on input line 36.
LaTeX Font Info:    External font `cmex10' loaded for size
(Font)              <5> on input line 36.
LaTeX Font Info:    Trying to load font information for OMS+cmtt on input line 36.
LaTeX Font Info:    No file OMScmtt.fd. on input line 36.


LaTeX Font Warning: Font shape `OMS/cmtt/m/n' undefined
(Font)              using `OMS/cmsy/m/n' instead
(Font)              for symbol `textbraceleft' on input line 36.

LaTeX Font Info:    External font `cmex10' loaded for size
(Font)              <9> on input line 36.
LaTeX Font Info:    External font `cmex10' loaded for size
(Font)              <6> on input line 36.
LaTeX Font Info:    Trying to load font information for OMS+cmr on input line 50.
(/usr/local/texlive/2019/texmf-dist/tex/latex/base/omscmr.fd
File: omscmr.fd 2014/09/29 v2.5h Standard LaTeX font definitions
)
LaTeX Font Info:    Font shape `OMS/cmr/m/n' in size <9> not available
(Font)              Font shape `OMS/cmsy/m/n' tried instead on input line 50.
 [1

{/usr/local/texlive/2019/texmf-var/fonts/map/pdftex/updmap/pdftex.map}]
<architectures.png, id=17, 715.67375pt x 353.32pt>
File: architectures.png Graphic file (type png)
<use architectures.png>
Package pdftex.def Info: architectures.png  used on input line 81.
(pdftex.def)             Requested size: 347.12354pt x 171.37077pt.
 [2 </Users/erickvargas/Documents/maestria/article-1/article-distributed-parallel/architectures.png>]
<general diagram architecture 2.png, id=24, 582.67688pt x 307.64937pt>
File: general diagram architecture 2.png Graphic file (type png)
<use general diagram architecture 2.png>
Package pdftex.def Info: general diagram architecture 2.png  used on input line 138.
(pdftex.def)             Requested size: 347.12354pt x 183.28131pt.
 [3]
<benchmark.png, id=28, 652.4375pt x 192.72pt>
File: benchmark.png Graphic file (type png)
<use benchmark.png>
Package pdftex.def Info: benchmark.png  used on input line 176.
(pdftex.def)             Requested size: 347.12354pt x 102.53809pt.
 [4 </Users/erickvargas/Documents/maestria/article-1/article-distributed-parallel/general diagram architecture 2.png> </Users/erickvargas/Documents/maestria/article-1/article-distributed-parallel/benchmark.png>]
<2-sphere.jpg, id=34, 351.3125pt x 225.84375pt>
File: 2-sphere.jpg Graphic file (type jpg)
<use 2-sphere.jpg>
Package pdftex.def Info: 2-sphere.jpg  used on input line 251.
(pdftex.def)             Requested size: 347.12354pt x 223.169pt.
<2-rastrigin.jpg, id=35, 351.3125pt x 225.84375pt>
File: 2-rastrigin.jpg Graphic file (type jpg)
<use 2-rastrigin.jpg>
Package pdftex.def Info: 2-rastrigin.jpg  used on input line 256.
(pdftex.def)             Requested size: 347.12354pt x 223.169pt.
<2-rosenbrock.jpg, id=36, 351.3125pt x 225.84375pt>
File: 2-rosenbrock.jpg Graphic file (type jpg)
<use 2-rosenbrock.jpg>
Package pdftex.def Info: 2-rosenbrock.jpg  used on input line 261.
(pdftex.def)             Requested size: 347.12354pt x 223.169pt.
<10-sphere.jpg, id=37, 351.3125pt x 225.84375pt>
File: 10-sphere.jpg Graphic file (type jpg)
<use 10-sphere.jpg>
Package pdftex.def Info: 10-sphere.jpg  used on input line 343.
(pdftex.def)             Requested size: 347.12354pt x 223.169pt.
<10-rastrigin.jpg, id=38, 351.3125pt x 225.84375pt>
File: 10-rastrigin.jpg Graphic file (type jpg)
<use 10-rastrigin.jpg>
Package pdftex.def Info: 10-rastrigin.jpg  used on input line 348.
(pdftex.def)             Requested size: 347.12354pt x 223.169pt.
<10-rosenbrock.jpg, id=39, 351.3125pt x 225.84375pt>
File: 10-rosenbrock.jpg Graphic file (type jpg)
<use 10-rosenbrock.jpg>
Package pdftex.def Info: 10-rosenbrock.jpg  used on input line 353.
(pdftex.def)             Requested size: 347.12354pt x 223.169pt.
<20-sphere.jpg, id=40, 351.3125pt x 225.84375pt>
File: 20-sphere.jpg Graphic file (type jpg)
<use 20-sphere.jpg>
Package pdftex.def Info: 20-sphere.jpg  used on input line 435.
(pdftex.def)             Requested size: 347.12354pt x 223.169pt.
<20-rastrigin.jpg, id=41, 351.3125pt x 225.84375pt>
File: 20-rastrigin.jpg Graphic file (type jpg)
<use 20-rastrigin.jpg>
Package pdftex.def Info: 20-rastrigin.jpg  used on input line 440.
(pdftex.def)             Requested size: 347.12354pt x 223.169pt.
<20-rosenbrock.jpg, id=42, 351.3125pt x 225.84375pt>
File: 20-rosenbrock.jpg Graphic file (type jpg)
<use 20-rosenbrock.jpg>
Package pdftex.def Info: 20-rosenbrock.jpg  used on input line 445.
(pdftex.def)             Requested size: 347.12354pt x 223.169pt.
<40-sphere.jpg, id=43, 351.3125pt x 225.84375pt>
File: 40-sphere.jpg Graphic file (type jpg)
<use 40-sphere.jpg>
Package pdftex.def Info: 40-sphere.jpg  used on input line 528.
(pdftex.def)             Requested size: 347.12354pt x 223.169pt.
<40-rastrigin.jpg, id=44, 351.3125pt x 225.84375pt>
File: 40-rastrigin.jpg Graphic file (type jpg)
<use 40-rastrigin.jpg>
Package pdftex.def Info: 40-rastrigin.jpg  used on input line 533.
(pdftex.def)             Requested size: 347.12354pt x 223.169pt.
<40-rosenbrock.jpg, id=45, 351.3125pt x 225.84375pt>
File: 40-rosenbrock.jpg Graphic file (type jpg)
<use 40-rosenbrock.jpg>
Package pdftex.def Info: 40-rosenbrock.jpg  used on input line 538.
(pdftex.def)             Requested size: 347.12354pt x 223.169pt.
 [5] [6 </Users/erickvargas/Documents/maestria/article-1/article-distributed-parallel/2-sphere.jpg> </Users/erickvargas/Documents/maestria/article-1/article-distributed-parallel/2-rastrigin.jpg>] [7 </Users/erickvargas/Documents/maestria/article-1/article-distributed-parallel/2-rosenbrock.jpg>] [8 </Users/erickvargas/Documents/maestria/article-1/article-distributed-parallel/10-sphere.jpg>] [9 </Users/erickvargas/Documents/maestria/article-1/article-distributed-parallel/10-rastrigin.jpg> </Users/erickvargas/Documents/maestria/article-1/article-distributed-parallel/10-rosenbrock.jpg>] [10] [11 </Users/erickvargas/Documents/maestria/article-1/article-distributed-parallel/20-sphere.jpg> </Users/erickvargas/Documents/maestria/article-1/article-distributed-parallel/20-rastrigin.jpg>] [12 </Users/erickvargas/Documents/maestria/article-1/article-distributed-parallel/20-rosenbrock.jpg>] [13 </Users/erickvargas/Documents/maestria/article-1/article-distributed-parallel/40-sphere.jpg> </Users/erickvargas/Documents/maestria/article-1/article-distributed-parallel/40-rastrigin.jpg>] [14 </Users/erickvargas/Documents/maestria/article-1/article-distributed-parallel/40-rosenbrock.jpg>] [15] (/Users/erickvargas/Documents/maestria/article-1/article-distributed-parallel/samplepaper.aux)

LaTeX Font Warning: Some font shapes were not available, defaults substituted.


LaTeX Warning: There were multiply-defined labels.

 ) 
Here is how much of TeX's memory you used:
 2071 strings out of 492167
 30064 string characters out of 6125388
 130651 words of memory out of 5000000
 6402 multiletter control sequences out of 15000+600000
 10863 words of font info for 38 fonts, out of 8000000 for 9000
 1141 hyphenation exceptions out of 8191
 46i,8n,30p,355b,299s stack positions out of 5000i,500n,10000p,200000b,80000s
</usr/local/texlive/2019/texmf-dist/fonts/type1/public/amsfonts/cm/cmbx10.pfb></usr/local/texlive/2019/texmf-dist/fonts/type1/public/amsfonts/cm/cmbx12.pfb></usr/local/texlive/2019/texmf-dist/fonts/type1/public/amsfonts/cm/cmbx9.pfb></usr/local/texlive/2019/texmf-dist/fonts/type1/public/amsfonts/cm/cmmi10.pfb></usr/local/texlive/2019/texmf-dist/fonts/type1/public/amsfonts/cm/cmmi6.pfb></usr/local/texlive/2019/texmf-dist/fonts/type1/public/amsfonts/cm/cmmi7.pfb></usr/local/texlive/2019/texmf-dist/fonts/type1/public/amsfonts/cm/cmmib10.pfb></usr/local/texlive/2019/texmf-dist/fonts/type1/public/amsfonts/cm/cmr10.pfb></usr/local/texlive/2019/texmf-dist/fonts/type1/public/amsfonts/cm/cmr7.pfb></usr/local/texlive/2019/texmf-dist/fonts/type1/public/amsfonts/cm/cmr9.pfb></usr/local/texlive/2019/texmf-dist/fonts/type1/public/amsfonts/cm/cmsy7.pfb></usr/local/texlive/2019/texmf-dist/fonts/type1/public/amsfonts/cm/cmsy9.pfb></usr/local/texlive/2019/texmf-dist/fonts/type1/public/amsfonts/cm/cmti9.pfb></usr/local/texlive/2019/texmf-dist/fonts/type1/public/amsfonts/cm/cmtt9.pfb>
Output written on /Users/erickvargas/Documents/maestria/article-1/article-distributed-parallel/samplepaper.pdf (15 pages, 991399 bytes).
PDF statistics:
 128 PDF objects out of 1000 (max. 8388607)
 78 compressed objects within 1 object stream
 0 named destinations out of 1000 (max. 500000)
 76 words of extra memory for PDF output out of 10000 (max. 10000000)

